<?xml version="1.0" encoding="utf-8" standalone="no"?>
<!--This file represents the results of running a test suite-->
<test-results name="C:\Users\Aleksandar\Desktop\Razvoj EES\Projekat REES\RES_project_SHES\REES_project\SolarPanelTest\bin\Debug\SolarPanelTest.dll" total="5" errors="0" failures="0" not-run="0" inconclusive="0" ignored="0" skipped="0" invalid="0" date="2018-05-28" time="23:20:14">
  <environment nunit-version="2.6.4.14350" clr-version="2.0.50727.8922" os-version="Microsoft Windows NT 6.2.9200.0" platform="Win32NT" cwd="C:\Users\Aleksandar\Desktop\Razvoj EES\RES\STARO\NUnit-2.6.4\NUnit-2.6.4\bin" machine-name="ALEKSANDAR" user="Aleksandar" user-domain="ALEKSANDAR" />
  <culture-info current-culture="en-US" current-uiculture="en-US" />
  <test-suite type="Assembly" name="C:\Users\Aleksandar\Desktop\Razvoj EES\Projekat REES\RES_project_SHES\REES_project\SolarPanelTest\bin\Debug\SolarPanelTest.dll" executed="True" result="Success" success="True" time="0.852" asserts="0">
    <results>
      <test-suite type="Namespace" name="SolarPanelTest" executed="True" result="Success" success="True" time="0.830" asserts="0">
        <results>
          <test-suite type="TestFixture" name="SolarPanelImplementTest" executed="True" result="Success" success="True" time="0.826" asserts="0">
            <results>
              <test-suite type="ParameterizedTest" name="ListBatteriesBadParameters2" executed="True" result="Success" success="True" time="0.043" asserts="0">
                <results>
                  <test-case name="SolarPanelTest.SolarPanelImplementTest.ListBatteriesBadParameters2(0,True)" executed="True" result="Success" success="True" time="0.028" asserts="0" />
                  <test-case name="SolarPanelTest.SolarPanelImplementTest.ListBatteriesBadParameters2(0,False)" executed="True" result="Success" success="True" time="0.001" asserts="0" />
                </results>
              </test-suite>
              <test-suite type="ParameterizedTest" name="ListBatteriesGoodParameter1" executed="True" result="Success" success="True" time="0.735" asserts="0">
                <results>
                  <test-case name="SolarPanelTest.SolarPanelImplementTest.ListBatteriesGoodParameter1(True)" executed="True" result="Success" success="True" time="0.733" asserts="0" />
                </results>
              </test-suite>
              <test-suite type="ParameterizedTest" name="ListSolarPanelBadParameters1" executed="True" result="Success" success="True" time="0.019" asserts="0">
                <results>
                  <test-case name="SolarPanelTest.SolarPanelImplementTest.ListSolarPanelBadParameters1(null,True)" executed="True" result="Success" success="True" time="0.006" asserts="0" />
                  <test-case name="SolarPanelTest.SolarPanelImplementTest.ListSolarPanelBadParameters1(null,False)" executed="True" result="Success" success="True" time="0.001" asserts="0" />
                </results>
              </test-suite>
            </results>
          </test-suite>
        </results>
      </test-suite>
    </results>
  </test-suite>
</test-results>