<?xml version="1.0" encoding="utf-8" standalone="no"?>
<!--This file represents the results of running a test suite-->
<test-results name="C:\Users\Aleksandar\Desktop\Razvoj EES\Projekat REES\RES_project_SHES\REES_project\BatteryTest\bin\Debug\BatteryTest.dll" total="17" errors="0" failures="0" not-run="0" inconclusive="0" ignored="0" skipped="0" invalid="0" date="2018-05-28" time="23:12:32">
  <environment nunit-version="2.6.4.14350" clr-version="2.0.50727.8922" os-version="Microsoft Windows NT 6.2.9200.0" platform="Win32NT" cwd="C:\Users\Aleksandar\Desktop\Razvoj EES\RES\STARO\NUnit-2.6.4\NUnit-2.6.4\bin" machine-name="ALEKSANDAR" user="Aleksandar" user-domain="ALEKSANDAR" />
  <culture-info current-culture="en-US" current-uiculture="en-US" />
  <test-suite type="Assembly" name="C:\Users\Aleksandar\Desktop\Razvoj EES\Projekat REES\RES_project_SHES\REES_project\BatteryTest\bin\Debug\BatteryTest.dll" executed="True" result="Success" success="True" time="0.860" asserts="0">
    <results>
      <test-suite type="Namespace" name="BatteryTest" executed="True" result="Success" success="True" time="0.842" asserts="0">
        <results>
          <test-suite type="TestFixture" name="BatteryImplementTest" executed="True" result="Success" success="True" time="0.840" asserts="0">
            <results>
              <test-suite type="ParameterizedTest" name="DoWorkBadParameter" executed="True" result="Success" success="True" time="0.746" asserts="0">
                <results>
                  <test-case name="BatteryTest.BatteryImplementTest.DoWorkBadParameter(-1)" executed="True" result="Success" success="True" time="0.695" asserts="0" />
                  <test-case name="BatteryTest.BatteryImplementTest.DoWorkBadParameter(-10)" executed="True" result="Success" success="True" time="0.002" asserts="0" />
                  <test-case name="BatteryTest.BatteryImplementTest.DoWorkBadParameter(-100)" executed="True" result="Success" success="True" time="0.004" asserts="0" />
                  <test-case name="BatteryTest.BatteryImplementTest.DoWorkBadParameter(4)" executed="True" result="Success" success="True" time="0.001" asserts="0" />
                  <test-case name="BatteryTest.BatteryImplementTest.DoWorkBadParameter(40)" executed="True" result="Success" success="True" time="0.001" asserts="0" />
                  <test-case name="BatteryTest.BatteryImplementTest.DoWorkBadParameter(400)" executed="True" result="Success" success="True" time="0.001" asserts="0" />
                  <test-case name="BatteryTest.BatteryImplementTest.DoWorkBadParameter(&quot;string&quot;)" executed="True" result="Success" success="True" time="0.001" asserts="0" />
                </results>
              </test-suite>
              <test-suite type="ParameterizedTest" name="DoWorkGoodParameter" executed="True" result="Success" success="True" time="0.014" asserts="0">
                <results>
                  <test-case name="BatteryTest.BatteryImplementTest.DoWorkGoodParameter(0)" executed="True" result="Success" success="True" time="0.001" asserts="0" />
                  <test-case name="BatteryTest.BatteryImplementTest.DoWorkGoodParameter(1)" executed="True" result="Success" success="True" time="0.000" asserts="0" />
                  <test-case name="BatteryTest.BatteryImplementTest.DoWorkGoodParameter(2)" executed="True" result="Success" success="True" time="0.000" asserts="0" />
                </results>
              </test-suite>
              <test-suite type="ParameterizedTest" name="ListBatteriesBadParameter1" executed="True" result="Success" success="True" time="0.012" asserts="0">
                <results>
                  <test-case name="BatteryTest.BatteryImplementTest.ListBatteriesBadParameter1(null,True)" executed="True" result="Success" success="True" time="0.005" asserts="0" />
                  <test-case name="BatteryTest.BatteryImplementTest.ListBatteriesBadParameter1(null,False)" executed="True" result="Success" success="True" time="0.001" asserts="0" />
                </results>
              </test-suite>
              <test-suite type="ParameterizedTest" name="ListBatteriesBadParameter2" executed="True" result="Success" success="True" time="0.011" asserts="0">
                <results>
                  <test-case name="BatteryTest.BatteryImplementTest.ListBatteriesBadParameter2(True)" executed="True" result="Success" success="True" time="0.003" asserts="0" />
                  <test-case name="BatteryTest.BatteryImplementTest.ListBatteriesBadParameter2(False)" executed="True" result="Success" success="True" time="0.001" asserts="0" />
                </results>
              </test-suite>
              <test-suite type="ParameterizedTest" name="ListBatteriesBadParameter2" executed="True" result="Success" success="True" time="0.009" asserts="0">
                <results>
                  <test-case name="BatteryTest.BatteryImplementTest.ListBatteriesBadParameter2(0,True)" executed="True" result="Success" success="True" time="0.000" asserts="0" />
                  <test-case name="BatteryTest.BatteryImplementTest.ListBatteriesBadParameter2(0,False)" executed="True" result="Success" success="True" time="0.000" asserts="0" />
                </results>
              </test-suite>
              <test-suite type="ParameterizedTest" name="ListBatteriesGoodParameter" executed="True" result="Success" success="True" time="0.005" asserts="0">
                <results>
                  <test-case name="BatteryTest.BatteryImplementTest.ListBatteriesGoodParameter(True)" executed="True" result="Success" success="True" time="0.001" asserts="0" />
                </results>
              </test-suite>
            </results>
          </test-suite>
        </results>
      </test-suite>
    </results>
  </test-suite>
</test-results>