<?xml version="1.0" encoding="utf-8" standalone="no"?>
<!--This file represents the results of running a test suite-->
<test-results name="C:\Users\PC\Desktop\REES_projekat\RES_project_SHES\REES_project\UtilityTest\bin\Debug\UtilityTest.dll" total="6" errors="0" failures="0" not-run="0" inconclusive="0" ignored="0" skipped="0" invalid="0" date="2018-05-29" time="16:48:59">
  <environment nunit-version="2.6.4.14350" clr-version="2.0.50727.8922" os-version="Microsoft Windows NT 6.2.9200.0" platform="Win32NT" cwd="C:\Users\PC\Desktop\semestar6\deljeno\REES\Razvoj EES\NUnit-2.6.4\bin" machine-name="DESKTOP-Q6OJE16" user="PC" user-domain="DESKTOP-Q6OJE16" />
  <culture-info current-culture="sr-Latn-RS" current-uiculture="en-US" />
  <test-suite type="Assembly" name="C:\Users\PC\Desktop\REES_projekat\RES_project_SHES\REES_project\UtilityTest\bin\Debug\UtilityTest.dll" executed="True" result="Success" success="True" time="0.114" asserts="0">
    <results>
      <test-suite type="Namespace" name="UtilityTest" executed="True" result="Success" success="True" time="0.102" asserts="0">
        <results>
          <test-suite type="TestFixture" name="UtilityImplementTest" executed="True" result="Success" success="True" time="0.101" asserts="0">
            <results>
              <test-suite type="ParameterizedTest" name="UtilityCalculateMoney" executed="True" result="Success" success="True" time="0.085" asserts="0">
                <results>
                  <test-case name="UtilityTest.UtilityImplementTest.UtilityCalculateMoney(5)" executed="True" result="Success" success="True" time="0.058" asserts="1" />
                  <test-case name="UtilityTest.UtilityImplementTest.UtilityCalculateMoney(0)" executed="True" result="Success" success="True" time="0.000" asserts="1" />
                  <test-case name="UtilityTest.UtilityImplementTest.UtilityCalculateMoney(1000)" executed="True" result="Success" success="True" time="0.000" asserts="1" />
                  <test-case name="UtilityTest.UtilityImplementTest.UtilityCalculateMoney(-5)" executed="True" result="Success" success="True" time="0.000" asserts="1" />
                  <test-case name="UtilityTest.UtilityImplementTest.UtilityCalculateMoney(-100)" executed="True" result="Success" success="True" time="0.000" asserts="1" />
                  <test-case name="UtilityTest.UtilityImplementTest.UtilityCalculateMoney(-1000)" executed="True" result="Success" success="True" time="0.000" asserts="1" />
                </results>
              </test-suite>
            </results>
          </test-suite>
        </results>
      </test-suite>
    </results>
  </test-suite>
</test-results>